app/build/intermediates/manifest_merge_blame_file/debug/manifest-merger-blame-debug-report.txt
1<?xml version="1.0" encoding="utf-8"?>
2<manifest xmlns:android="http://schemas.android.com/apk/res/android"
3    package="com.cs388.humanbenchmark"
4    android:versionCode="11"
5    android:versionName="1.0" >
6
7    <uses-sdk
8        android:minSdkVersion="24"
9        android:targetSdkVersion="33" />
10
11    <uses-permission android:name="android.permission.ACCESS_NETWORK_STATE" />
11-->[com.firebaseui:firebase-ui-auth:7.2.0] AndroidManifest.xml:12:5-79
11-->[com.firebaseui:firebase-ui-auth:7.2.0] AndroidManifest.xml:12:22-76
12    <uses-permission android:name="android.permission.INTERNET" />
12-->[com.firebaseui:firebase-ui-auth:7.2.0] AndroidManifest.xml:13:5-67
12-->[com.firebaseui:firebase-ui-auth:7.2.0] AndroidManifest.xml:13:22-64
13
14    <permission
14-->[androidx.core:core:1.9.0] AndroidManifest.xml:22:5-24:47
15        android:name="com.cs388.humanbenchmark.DYNAMIC_RECEIVER_NOT_EXPORTED_PERMISSION"
15-->[androidx.core:core:1.9.0] AndroidManifest.xml:23:9-81
16        android:protectionLevel="signature" />
16-->[androidx.core:core:1.9.0] AndroidManifest.xml:24:9-44
17
18    <uses-permission android:name="com.cs388.humanbenchmark.DYNAMIC_RECEIVER_NOT_EXPORTED_PERMISSION" />
18-->[androidx.core:core:1.9.0] AndroidManifest.xml:26:5-97
18-->[androidx.core:core:1.9.0] AndroidManifest.xml:26:22-94
19
20    <application
20-->src\main\AndroidManifest.xml:5:5-27:19
21        android:allowBackup="true"
21-->src\main\AndroidManifest.xml:6:9-35
22        android:appComponentFactory="androidx.core.app.CoreComponentFactory"
22-->[androidx.core:core:1.9.0] AndroidManifest.xml:28:18-86
23        android:dataExtractionRules="@xml/data_extraction_rules"
23-->src\main\AndroidManifest.xml:7:9-65
24        android:debuggable="true"
25        android:extractNativeLibs="false"
26        android:fullBackupContent="@xml/backup_rules"
26-->src\main\AndroidManifest.xml:8:9-54
27        android:icon="@mipmap/ic_launcher"
27-->src\main\AndroidManifest.xml:9:9-43
28        android:label="@string/app_name"
28-->src\main\AndroidManifest.xml:10:9-41
29        android:roundIcon="@mipmap/ic_launcher_round"
29-->src\main\AndroidManifest.xml:11:9-54
30        android:supportsRtl="true"
30-->src\main\AndroidManifest.xml:12:9-35
31        android:testOnly="true"
32        android:theme="@style/Theme.HumanBenchmark" >
32-->src\main\AndroidManifest.xml:13:9-52
33        <activity
33-->src\main\AndroidManifest.xml:15:9-17:40
34            android:name="com.cs388.humanbenchmark.HomeActivity"
34-->src\main\AndroidManifest.xml:16:13-41
35            android:exported="false" />
35-->src\main\AndroidManifest.xml:17:13-37
36        <activity
36-->src\main\AndroidManifest.xml:18:9-26:20
37            android:name="com.cs388.humanbenchmark.MainActivity"
37-->src\main\AndroidManifest.xml:19:13-41
38            android:exported="true" >
38-->src\main\AndroidManifest.xml:20:13-36
39            <intent-filter>
39-->src\main\AndroidManifest.xml:21:13-25:29
40                <action android:name="android.intent.action.MAIN" />
40-->src\main\AndroidManifest.xml:22:17-69
40-->src\main\AndroidManifest.xml:22:25-66
41
42                <category android:name="android.intent.category.LAUNCHER" />
42-->src\main\AndroidManifest.xml:24:17-77
42-->src\main\AndroidManifest.xml:24:27-74
43            </intent-filter>
44        </activity>
45
46        <meta-data
46-->[com.firebaseui:firebase-ui-auth:7.2.0] AndroidManifest.xml:16:9-18:69
47            android:name="com.google.android.gms.version"
47-->[com.firebaseui:firebase-ui-auth:7.2.0] AndroidManifest.xml:17:13-58
48            android:value="@integer/google_play_services_version" />
48-->[com.firebaseui:firebase-ui-auth:7.2.0] AndroidManifest.xml:18:13-66
49        <meta-data
49-->[com.firebaseui:firebase-ui-auth:7.2.0] AndroidManifest.xml:19:9-21:63
50            android:name="com.facebook.sdk.ApplicationId"
50-->[com.firebaseui:firebase-ui-auth:7.2.0] AndroidManifest.xml:20:13-58
51            android:value="@string/facebook_application_id" />
51-->[com.firebaseui:firebase-ui-auth:7.2.0] AndroidManifest.xml:21:13-60
52
53        <activity
53-->[com.firebaseui:firebase-ui-auth:7.2.0] AndroidManifest.xml:23:9-27:61
54            android:name="com.firebase.ui.auth.KickoffActivity"
54-->[com.firebaseui:firebase-ui-auth:7.2.0] AndroidManifest.xml:24:13-64
55            android:exported="false"
55-->[com.firebaseui:firebase-ui-auth:7.2.0] AndroidManifest.xml:25:13-37
56            android:label=""
56-->[com.firebaseui:firebase-ui-auth:7.2.0] AndroidManifest.xml:26:13-29
57            android:theme="@style/FirebaseUI.Transparent" />
57-->[com.firebaseui:firebase-ui-auth:7.2.0] AndroidManifest.xml:27:13-58
58        <activity
58-->[com.firebaseui:firebase-ui-auth:7.2.0] AndroidManifest.xml:28:9-32:61
59            android:name="com.firebase.ui.auth.ui.idp.SingleSignInActivity"
59-->[com.firebaseui:firebase-ui-auth:7.2.0] AndroidManifest.xml:29:13-76
60            android:exported="false"
60-->[com.firebaseui:firebase-ui-auth:7.2.0] AndroidManifest.xml:30:13-37
61            android:label=""
61-->[com.firebaseui:firebase-ui-auth:7.2.0] AndroidManifest.xml:31:13-29
62            android:theme="@style/FirebaseUI.Transparent" />
62-->[com.firebaseui:firebase-ui-auth:7.2.0] AndroidManifest.xml:32:13-58
63        <activity
63-->[com.firebaseui:firebase-ui-auth:7.2.0] AndroidManifest.xml:33:9-37:61
64            android:name="com.firebase.ui.auth.ui.credentials.CredentialSaveActivity"
64-->[com.firebaseui:firebase-ui-auth:7.2.0] AndroidManifest.xml:34:13-86
65            android:exported="false"
65-->[com.firebaseui:firebase-ui-auth:7.2.0] AndroidManifest.xml:35:13-37
66            android:label=""
66-->[com.firebaseui:firebase-ui-auth:7.2.0] AndroidManifest.xml:36:13-29
67            android:theme="@style/FirebaseUI.Transparent" />
67-->[com.firebaseui:firebase-ui-auth:7.2.0] AndroidManifest.xml:37:13-58
68        <activity
68-->[com.firebaseui:firebase-ui-auth:7.2.0] AndroidManifest.xml:38:9-42:58
69            android:name="com.firebase.ui.auth.ui.email.RecoverPasswordActivity"
69-->[com.firebaseui:firebase-ui-auth:7.2.0] AndroidManifest.xml:39:13-81
70            android:exported="false"
70-->[com.firebaseui:firebase-ui-auth:7.2.0] AndroidManifest.xml:40:13-37
71            android:label="@string/fui_title_recover_password_activity"
71-->[com.firebaseui:firebase-ui-auth:7.2.0] AndroidManifest.xml:41:13-72
72            android:windowSoftInputMode="adjustResize" />
72-->[com.firebaseui:firebase-ui-auth:7.2.0] AndroidManifest.xml:42:13-55
73        <activity
73-->[com.firebaseui:firebase-ui-auth:7.2.0] AndroidManifest.xml:43:9-47:58
74            android:name="com.firebase.ui.auth.ui.email.EmailActivity"
74-->[com.firebaseui:firebase-ui-auth:7.2.0] AndroidManifest.xml:44:13-71
75            android:exported="false"
75-->[com.firebaseui:firebase-ui-auth:7.2.0] AndroidManifest.xml:45:13-37
76            android:label="@string/fui_sign_in_default"
76-->[com.firebaseui:firebase-ui-auth:7.2.0] AndroidManifest.xml:46:13-56
77            android:windowSoftInputMode="adjustResize" />
77-->[com.firebaseui:firebase-ui-auth:7.2.0] AndroidManifest.xml:47:13-55
78        <activity
78-->[com.firebaseui:firebase-ui-auth:7.2.0] AndroidManifest.xml:48:9-52:77
79            android:name="com.firebase.ui.auth.ui.phone.PhoneActivity"
79-->[com.firebaseui:firebase-ui-auth:7.2.0] AndroidManifest.xml:49:13-71
80            android:exported="false"
80-->[com.firebaseui:firebase-ui-auth:7.2.0] AndroidManifest.xml:50:13-37
81            android:label="@string/fui_sign_in_with_phone_number"
81-->[com.firebaseui:firebase-ui-auth:7.2.0] AndroidManifest.xml:51:13-66
82            android:windowSoftInputMode="adjustResize|stateAlwaysVisible" />
82-->[com.firebaseui:firebase-ui-auth:7.2.0] AndroidManifest.xml:52:13-74
83        <activity
83-->[com.firebaseui:firebase-ui-auth:7.2.0] AndroidManifest.xml:53:9-57:58
84            android:name="com.firebase.ui.auth.ui.idp.WelcomeBackIdpPrompt"
84-->[com.firebaseui:firebase-ui-auth:7.2.0] AndroidManifest.xml:54:13-76
85            android:exported="false"
85-->[com.firebaseui:firebase-ui-auth:7.2.0] AndroidManifest.xml:55:13-37
86            android:label="@string/fui_title_welcome_back_idp_prompt"
86-->[com.firebaseui:firebase-ui-auth:7.2.0] AndroidManifest.xml:56:13-70
87            android:windowSoftInputMode="adjustResize" />
87-->[com.firebaseui:firebase-ui-auth:7.2.0] AndroidManifest.xml:57:13-55
88        <activity
88-->[com.firebaseui:firebase-ui-auth:7.2.0] AndroidManifest.xml:58:9-62:58
89            android:name="com.firebase.ui.auth.ui.email.WelcomeBackPasswordPrompt"
89-->[com.firebaseui:firebase-ui-auth:7.2.0] AndroidManifest.xml:59:13-83
90            android:exported="false"
90-->[com.firebaseui:firebase-ui-auth:7.2.0] AndroidManifest.xml:60:13-37
91            android:label="@string/fui_title_welcome_back_password_prompt"
91-->[com.firebaseui:firebase-ui-auth:7.2.0] AndroidManifest.xml:61:13-75
92            android:windowSoftInputMode="adjustResize" />
92-->[com.firebaseui:firebase-ui-auth:7.2.0] AndroidManifest.xml:62:13-55
93        <activity
93-->[com.firebaseui:firebase-ui-auth:7.2.0] AndroidManifest.xml:63:9-67:58
94            android:name="com.firebase.ui.auth.ui.email.WelcomeBackEmailLinkPrompt"
94-->[com.firebaseui:firebase-ui-auth:7.2.0] AndroidManifest.xml:64:13-84
95            android:exported="false"
95-->[com.firebaseui:firebase-ui-auth:7.2.0] AndroidManifest.xml:65:13-37
96            android:label="@string/fui_title_welcome_back_password_prompt"
96-->[com.firebaseui:firebase-ui-auth:7.2.0] AndroidManifest.xml:66:13-75
97            android:windowSoftInputMode="adjustResize" />
97-->[com.firebaseui:firebase-ui-auth:7.2.0] AndroidManifest.xml:67:13-55
98        <activity
98-->[com.firebaseui:firebase-ui-auth:7.2.0] AndroidManifest.xml:68:9-73:58
99            android:name="com.firebase.ui.auth.ui.email.EmailLinkCatcherActivity"
99-->[com.firebaseui:firebase-ui-auth:7.2.0] AndroidManifest.xml:69:13-82
100            android:exported="false"
100-->[com.firebaseui:firebase-ui-auth:7.2.0] AndroidManifest.xml:70:13-37
101            android:label=""
101-->[com.firebaseui:firebase-ui-auth:7.2.0] AndroidManifest.xml:71:13-29
102            android:theme="@style/FirebaseUI.Transparent"
102-->[com.firebaseui:firebase-ui-auth:7.2.0] AndroidManifest.xml:72:13-58
103            android:windowSoftInputMode="adjustResize" />
103-->[com.firebaseui:firebase-ui-auth:7.2.0] AndroidManifest.xml:73:13-55
104        <activity
104-->[com.firebaseui:firebase-ui-auth:7.2.0] AndroidManifest.xml:74:9-78:58
105            android:name="com.firebase.ui.auth.ui.email.EmailLinkErrorRecoveryActivity"
105-->[com.firebaseui:firebase-ui-auth:7.2.0] AndroidManifest.xml:75:13-88
106            android:exported="false"
106-->[com.firebaseui:firebase-ui-auth:7.2.0] AndroidManifest.xml:76:13-37
107            android:label="@string/fui_sign_in_default"
107-->[com.firebaseui:firebase-ui-auth:7.2.0] AndroidManifest.xml:77:13-56
108            android:windowSoftInputMode="adjustResize" />
108-->[com.firebaseui:firebase-ui-auth:7.2.0] AndroidManifest.xml:78:13-55
109        <activity
109-->[com.firebaseui:firebase-ui-auth:7.2.0] AndroidManifest.xml:79:9-82:65
110            android:name="com.firebase.ui.auth.ui.idp.AuthMethodPickerActivity"
110-->[com.firebaseui:firebase-ui-auth:7.2.0] AndroidManifest.xml:80:13-80
111            android:exported="false"
111-->[com.firebaseui:firebase-ui-auth:7.2.0] AndroidManifest.xml:81:13-37
112            android:label="@string/fui_default_toolbar_title" />
112-->[com.firebaseui:firebase-ui-auth:7.2.0] AndroidManifest.xml:82:13-62
113        <activity
113-->[com.firebaseui:firebase-ui-auth:7.2.0] AndroidManifest.xml:83:9-87:48
114            android:name="com.facebook.FacebookActivity"
114-->[com.firebaseui:firebase-ui-auth:7.2.0] AndroidManifest.xml:84:13-57
115            android:configChanges="keyboard|keyboardHidden|screenLayout|screenSize|orientation"
115-->[com.firebaseui:firebase-ui-auth:7.2.0] AndroidManifest.xml:85:13-96
116            android:label="@string/app_name" />
116-->[com.firebaseui:firebase-ui-auth:7.2.0] AndroidManifest.xml:86:13-45
117        <activity
117-->[com.firebaseui:firebase-ui-auth:7.2.0] AndroidManifest.xml:88:9-100:20
118            android:name="com.facebook.CustomTabActivity"
118-->[com.firebaseui:firebase-ui-auth:7.2.0] AndroidManifest.xml:89:13-58
119            android:exported="true" >
119-->[com.firebaseui:firebase-ui-auth:7.2.0] AndroidManifest.xml:90:13-36
120            <intent-filter>
120-->[com.firebaseui:firebase-ui-auth:7.2.0] AndroidManifest.xml:92:13-99:29
121                <action android:name="android.intent.action.VIEW" />
121-->[com.firebaseui:firebase-ui-auth:7.2.0] AndroidManifest.xml:93:17-69
121-->[com.firebaseui:firebase-ui-auth:7.2.0] AndroidManifest.xml:93:25-66
122
123                <category android:name="android.intent.category.DEFAULT" />
123-->[com.firebaseui:firebase-ui-auth:7.2.0] AndroidManifest.xml:95:17-76
123-->[com.firebaseui:firebase-ui-auth:7.2.0] AndroidManifest.xml:95:27-73
124                <category android:name="android.intent.category.BROWSABLE" />
124-->[com.firebaseui:firebase-ui-auth:7.2.0] AndroidManifest.xml:96:17-78
124-->[com.firebaseui:firebase-ui-auth:7.2.0] AndroidManifest.xml:96:27-75
125
126                <data android:scheme="@string/facebook_login_protocol_scheme" />
126-->[com.firebaseui:firebase-ui-auth:7.2.0] AndroidManifest.xml:98:17-81
126-->[com.firebaseui:firebase-ui-auth:7.2.0] AndroidManifest.xml:98:23-78
127            </intent-filter>
128        </activity>
129
130        <provider
130-->[com.firebaseui:firebase-ui-auth:7.2.0] AndroidManifest.xml:102:9-106:38
131            android:name="com.firebase.ui.auth.data.client.AuthUiInitProvider"
131-->[com.firebaseui:firebase-ui-auth:7.2.0] AndroidManifest.xml:103:13-79
132            android:authorities="com.cs388.humanbenchmark.authuiinitprovider"
132-->[com.firebaseui:firebase-ui-auth:7.2.0] AndroidManifest.xml:104:13-70
133            android:exported="false"
133-->[com.firebaseui:firebase-ui-auth:7.2.0] AndroidManifest.xml:105:13-37
134            android:initOrder="90" />
134-->[com.firebaseui:firebase-ui-auth:7.2.0] AndroidManifest.xml:106:13-35
135
136        <service
136-->[com.google.firebase:firebase-auth-ktx:22.2.0] AndroidManifest.xml:8:9-14:19
137            android:name="com.google.firebase.components.ComponentDiscoveryService"
137-->[com.google.firebase:firebase-auth-ktx:22.2.0] AndroidManifest.xml:9:13-84
138            android:directBootAware="true"
138-->[com.google.firebase:firebase-common:20.4.2] AndroidManifest.xml:32:13-43
139            android:exported="false" >
139-->[com.google.firebase:firebase-auth-ktx:22.2.0] AndroidManifest.xml:10:13-37
140            <meta-data
140-->[com.google.firebase:firebase-auth-ktx:22.2.0] AndroidManifest.xml:11:13-13:85
141                android:name="com.google.firebase.components:com.google.firebase.auth.ktx.FirebaseAuthLegacyRegistrar"
141-->[com.google.firebase:firebase-auth-ktx:22.2.0] AndroidManifest.xml:12:17-119
142                android:value="com.google.firebase.components.ComponentRegistrar" />
142-->[com.google.firebase:firebase-auth-ktx:22.2.0] AndroidManifest.xml:13:17-82
143            <meta-data
143-->[com.google.firebase:firebase-auth:22.2.0] AndroidManifest.xml:69:13-71:85
144                android:name="com.google.firebase.components:com.google.firebase.auth.FirebaseAuthRegistrar"
144-->[com.google.firebase:firebase-auth:22.2.0] AndroidManifest.xml:70:17-109
145                android:value="com.google.firebase.components.ComponentRegistrar" />
145-->[com.google.firebase:firebase-auth:22.2.0] AndroidManifest.xml:71:17-82
146            <meta-data
146-->[com.google.firebase:firebase-common-ktx:20.4.2] AndroidManifest.xml:12:13-14:85
147                android:name="com.google.firebase.components:com.google.firebase.ktx.FirebaseCommonLegacyRegistrar"
147-->[com.google.firebase:firebase-common-ktx:20.4.2] AndroidManifest.xml:13:17-116
148                android:value="com.google.firebase.components.ComponentRegistrar" />
148-->[com.google.firebase:firebase-common-ktx:20.4.2] AndroidManifest.xml:14:17-82
149            <meta-data
149-->[com.google.firebase:firebase-common:20.4.2] AndroidManifest.xml:35:13-37:85
150                android:name="com.google.firebase.components:com.google.firebase.FirebaseCommonKtxRegistrar"
150-->[com.google.firebase:firebase-common:20.4.2] AndroidManifest.xml:36:17-109
151                android:value="com.google.firebase.components.ComponentRegistrar" />
151-->[com.google.firebase:firebase-common:20.4.2] AndroidManifest.xml:37:17-82
152        </service>
153
154        <activity
154-->[com.google.firebase:firebase-auth:22.2.0] AndroidManifest.xml:29:9-46:20
155            android:name="com.google.firebase.auth.internal.GenericIdpActivity"
155-->[com.google.firebase:firebase-auth:22.2.0] AndroidManifest.xml:30:13-80
156            android:excludeFromRecents="true"
156-->[com.google.firebase:firebase-auth:22.2.0] AndroidManifest.xml:31:13-46
157            android:exported="true"
157-->[com.google.firebase:firebase-auth:22.2.0] AndroidManifest.xml:32:13-36
158            android:launchMode="singleTask"
158-->[com.google.firebase:firebase-auth:22.2.0] AndroidManifest.xml:33:13-44
159            android:theme="@android:style/Theme.Translucent.NoTitleBar" >
159-->[com.google.firebase:firebase-auth:22.2.0] AndroidManifest.xml:34:13-72
160            <intent-filter>
160-->[com.google.firebase:firebase-auth:22.2.0] AndroidManifest.xml:35:13-45:29
161                <action android:name="android.intent.action.VIEW" />
161-->[com.firebaseui:firebase-ui-auth:7.2.0] AndroidManifest.xml:93:17-69
161-->[com.firebaseui:firebase-ui-auth:7.2.0] AndroidManifest.xml:93:25-66
162
163                <category android:name="android.intent.category.DEFAULT" />
163-->[com.firebaseui:firebase-ui-auth:7.2.0] AndroidManifest.xml:95:17-76
163-->[com.firebaseui:firebase-ui-auth:7.2.0] AndroidManifest.xml:95:27-73
164                <category android:name="android.intent.category.BROWSABLE" />
164-->[com.firebaseui:firebase-ui-auth:7.2.0] AndroidManifest.xml:96:17-78
164-->[com.firebaseui:firebase-ui-auth:7.2.0] AndroidManifest.xml:96:27-75
165
166                <data
166-->[com.firebaseui:firebase-ui-auth:7.2.0] AndroidManifest.xml:98:17-81
167                    android:host="firebase.auth"
168                    android:path="/"
169                    android:scheme="genericidp" />
169-->[com.firebaseui:firebase-ui-auth:7.2.0] AndroidManifest.xml:98:23-78
170            </intent-filter>
171        </activity>
172        <activity
172-->[com.google.firebase:firebase-auth:22.2.0] AndroidManifest.xml:47:9-64:20
173            android:name="com.google.firebase.auth.internal.RecaptchaActivity"
173-->[com.google.firebase:firebase-auth:22.2.0] AndroidManifest.xml:48:13-79
174            android:excludeFromRecents="true"
174-->[com.google.firebase:firebase-auth:22.2.0] AndroidManifest.xml:49:13-46
175            android:exported="true"
175-->[com.google.firebase:firebase-auth:22.2.0] AndroidManifest.xml:50:13-36
176            android:launchMode="singleTask"
176-->[com.google.firebase:firebase-auth:22.2.0] AndroidManifest.xml:51:13-44
177            android:theme="@android:style/Theme.Translucent.NoTitleBar" >
177-->[com.google.firebase:firebase-auth:22.2.0] AndroidManifest.xml:52:13-72
178            <intent-filter>
178-->[com.google.firebase:firebase-auth:22.2.0] AndroidManifest.xml:53:13-63:29
179                <action android:name="android.intent.action.VIEW" />
179-->[com.firebaseui:firebase-ui-auth:7.2.0] AndroidManifest.xml:93:17-69
179-->[com.firebaseui:firebase-ui-auth:7.2.0] AndroidManifest.xml:93:25-66
180
181                <category android:name="android.intent.category.DEFAULT" />
181-->[com.firebaseui:firebase-ui-auth:7.2.0] AndroidManifest.xml:95:17-76
181-->[com.firebaseui:firebase-ui-auth:7.2.0] AndroidManifest.xml:95:27-73
182                <category android:name="android.intent.category.BROWSABLE" />
182-->[com.firebaseui:firebase-ui-auth:7.2.0] AndroidManifest.xml:96:17-78
182-->[com.firebaseui:firebase-ui-auth:7.2.0] AndroidManifest.xml:96:27-75
183
184                <data
184-->[com.firebaseui:firebase-ui-auth:7.2.0] AndroidManifest.xml:98:17-81
185                    android:host="firebase.auth"
186                    android:path="/"
187                    android:scheme="recaptcha" />
187-->[com.firebaseui:firebase-ui-auth:7.2.0] AndroidManifest.xml:98:23-78
188            </intent-filter>
189        </activity>
190
191        <provider
191-->[com.google.firebase:firebase-common:20.4.2] AndroidManifest.xml:23:9-28:39
192            android:name="com.google.firebase.provider.FirebaseInitProvider"
192-->[com.google.firebase:firebase-common:20.4.2] AndroidManifest.xml:24:13-77
193            android:authorities="com.cs388.humanbenchmark.firebaseinitprovider"
193-->[com.google.firebase:firebase-common:20.4.2] AndroidManifest.xml:25:13-72
194            android:directBootAware="true"
194-->[com.google.firebase:firebase-common:20.4.2] AndroidManifest.xml:26:13-43
195            android:exported="false"
195-->[com.google.firebase:firebase-common:20.4.2] AndroidManifest.xml:27:13-37
196            android:initOrder="100" />
196-->[com.google.firebase:firebase-common:20.4.2] AndroidManifest.xml:28:13-36
197
198        <activity
198-->[com.google.android.gms:play-services-auth:20.7.0] AndroidManifest.xml:23:9-27:75
199            android:name="com.google.android.gms.auth.api.signin.internal.SignInHubActivity"
199-->[com.google.android.gms:play-services-auth:20.7.0] AndroidManifest.xml:24:13-93
200            android:excludeFromRecents="true"
200-->[com.google.android.gms:play-services-auth:20.7.0] AndroidManifest.xml:25:13-46
201            android:exported="false"
201-->[com.google.android.gms:play-services-auth:20.7.0] AndroidManifest.xml:26:13-37
202            android:theme="@android:style/Theme.Translucent.NoTitleBar" />
202-->[com.google.android.gms:play-services-auth:20.7.0] AndroidManifest.xml:27:13-72
203        <!--
204            Service handling Google Sign-In user revocation. For apps that do not integrate with
205            Google Sign-In, this service will never be started.
206        -->
207        <service
207-->[com.google.android.gms:play-services-auth:20.7.0] AndroidManifest.xml:33:9-37:51
208            android:name="com.google.android.gms.auth.api.signin.RevocationBoundService"
208-->[com.google.android.gms:play-services-auth:20.7.0] AndroidManifest.xml:34:13-89
209            android:exported="true"
209-->[com.google.android.gms:play-services-auth:20.7.0] AndroidManifest.xml:35:13-36
210            android:permission="com.google.android.gms.auth.api.signin.permission.REVOCATION_NOTIFICATION"
210-->[com.google.android.gms:play-services-auth:20.7.0] AndroidManifest.xml:36:13-107
211            android:visibleToInstantApps="true" />
211-->[com.google.android.gms:play-services-auth:20.7.0] AndroidManifest.xml:37:13-48
212
213        <activity
213-->[com.google.android.gms:play-services-base:18.0.1] AndroidManifest.xml:20:9-22:45
214            android:name="com.google.android.gms.common.api.GoogleApiActivity"
214-->[com.google.android.gms:play-services-base:18.0.1] AndroidManifest.xml:20:19-85
215            android:exported="false"
215-->[com.google.android.gms:play-services-base:18.0.1] AndroidManifest.xml:22:19-43
216            android:theme="@android:style/Theme.Translucent.NoTitleBar" />
216-->[com.google.android.gms:play-services-base:18.0.1] AndroidManifest.xml:21:19-78
217
218        <provider
218-->[androidx.emoji2:emoji2:1.2.0] AndroidManifest.xml:24:9-32:20
219            android:name="androidx.startup.InitializationProvider"
219-->[androidx.emoji2:emoji2:1.2.0] AndroidManifest.xml:25:13-67
220            android:authorities="com.cs388.humanbenchmark.androidx-startup"
220-->[androidx.emoji2:emoji2:1.2.0] AndroidManifest.xml:26:13-68
221            android:exported="false" >
221-->[androidx.emoji2:emoji2:1.2.0] AndroidManifest.xml:27:13-37
222            <meta-data
222-->[androidx.emoji2:emoji2:1.2.0] AndroidManifest.xml:29:13-31:52
223                android:name="androidx.emoji2.text.EmojiCompatInitializer"
223-->[androidx.emoji2:emoji2:1.2.0] AndroidManifest.xml:30:17-75
224                android:value="androidx.startup" />
224-->[androidx.emoji2:emoji2:1.2.0] AndroidManifest.xml:31:17-49
225            <meta-data
225-->[androidx.lifecycle:lifecycle-process:2.6.1] AndroidManifest.xml:29:13-31:52
226                android:name="androidx.lifecycle.ProcessLifecycleInitializer"
226-->[androidx.lifecycle:lifecycle-process:2.6.1] AndroidManifest.xml:30:17-78
227                android:value="androidx.startup" />
227-->[androidx.lifecycle:lifecycle-process:2.6.1] AndroidManifest.xml:31:17-49
228            <meta-data
228-->[androidx.profileinstaller:profileinstaller:1.3.0] AndroidManifest.xml:29:13-31:52
229                android:name="androidx.profileinstaller.ProfileInstallerInitializer"
229-->[androidx.profileinstaller:profileinstaller:1.3.0] AndroidManifest.xml:30:17-85
230                android:value="androidx.startup" />
230-->[androidx.profileinstaller:profileinstaller:1.3.0] AndroidManifest.xml:31:17-49
231        </provider>
232
233        <receiver
233-->[androidx.profileinstaller:profileinstaller:1.3.0] AndroidManifest.xml:34:9-52:20
234            android:name="androidx.profileinstaller.ProfileInstallReceiver"
234-->[androidx.profileinstaller:profileinstaller:1.3.0] AndroidManifest.xml:35:13-76
235            android:directBootAware="false"
235-->[androidx.profileinstaller:profileinstaller:1.3.0] AndroidManifest.xml:36:13-44
236            android:enabled="true"
236-->[androidx.profileinstaller:profileinstaller:1.3.0] AndroidManifest.xml:37:13-35
237            android:exported="true"
237-->[androidx.profileinstaller:profileinstaller:1.3.0] AndroidManifest.xml:38:13-36
238            android:permission="android.permission.DUMP" >
238-->[androidx.profileinstaller:profileinstaller:1.3.0] AndroidManifest.xml:39:13-57
239            <intent-filter>
239-->[androidx.profileinstaller:profileinstaller:1.3.0] AndroidManifest.xml:40:13-42:29
240                <action android:name="androidx.profileinstaller.action.INSTALL_PROFILE" />
240-->[androidx.profileinstaller:profileinstaller:1.3.0] AndroidManifest.xml:41:17-91
240-->[androidx.profileinstaller:profileinstaller:1.3.0] AndroidManifest.xml:41:25-88
241            </intent-filter>
242            <intent-filter>
242-->[androidx.profileinstaller:profileinstaller:1.3.0] AndroidManifest.xml:43:13-45:29
243                <action android:name="androidx.profileinstaller.action.SKIP_FILE" />
243-->[androidx.profileinstaller:profileinstaller:1.3.0] AndroidManifest.xml:44:17-85
243-->[androidx.profileinstaller:profileinstaller:1.3.0] AndroidManifest.xml:44:25-82
244            </intent-filter>
245            <intent-filter>
245-->[androidx.profileinstaller:profileinstaller:1.3.0] AndroidManifest.xml:46:13-48:29
246                <action android:name="androidx.profileinstaller.action.SAVE_PROFILE" />
246-->[androidx.profileinstaller:profileinstaller:1.3.0] AndroidManifest.xml:47:17-88
246-->[androidx.profileinstaller:profileinstaller:1.3.0] AndroidManifest.xml:47:25-85
247            </intent-filter>
248            <intent-filter>
248-->[androidx.profileinstaller:profileinstaller:1.3.0] AndroidManifest.xml:49:13-51:29
249                <action android:name="androidx.profileinstaller.action.BENCHMARK_OPERATION" />
249-->[androidx.profileinstaller:profileinstaller:1.3.0] AndroidManifest.xml:50:17-95
249-->[androidx.profileinstaller:profileinstaller:1.3.0] AndroidManifest.xml:50:25-92
250            </intent-filter>
251        </receiver>
252    </application>
253
254</manifest>